0 info it worked if it ends with ok
1 verbose cli [ '/usr/bin/node', '/usr/bin/npm', 'run', 'lint:styles' ]
2 info using npm@3.5.2
3 info using node@v8.10.0
4 verbose run-script [ 'prelint:styles', 'lint:styles', 'postlint:styles' ]
5 info lifecycle sd-03-week3-html-css-project@1.0.0~prelint:styles: sd-03-week3-html-css-project@1.0.0
6 silly lifecycle sd-03-week3-html-css-project@1.0.0~prelint:styles: no script for prelint:styles, continuing
7 info lifecycle sd-03-week3-html-css-project@1.0.0~lint:styles: sd-03-week3-html-css-project@1.0.0
8 verbose lifecycle sd-03-week3-html-css-project@1.0.0~lint:styles: unsafe-perm in lifecycle true
9 verbose lifecycle sd-03-week3-html-css-project@1.0.0~lint:styles: PATH: /usr/share/npm/bin/node-gyp-bin:/home/fred/Trybe_T10_TB/sd-010-b-project-lessons-learned/node_modules/.bin:/usr/local/sbin:/usr/local/bin:/usr/sbin:/usr/bin:/sbin:/bin:/usr/games:/usr/local/games:/snap/bin
10 verbose lifecycle sd-03-week3-html-css-project@1.0.0~lint:styles: CWD: /home/fred/Trybe_T10_TB/sd-010-b-project-lessons-learned
11 silly lifecycle sd-03-week3-html-css-project@1.0.0~lint:styles: Args: [ '-c',
11 silly lifecycle   'stylelint **/*.css --config .stylelintrc.json --ignore-disables --allow-empty-input' ]
12 info lifecycle sd-03-week3-html-css-project@1.0.0~lint:styles: Failed to exec lint:styles script
13 verbose stack Error: sd-03-week3-html-css-project@1.0.0 lint:styles: `stylelint **/*.css --config .stylelintrc.json --ignore-disables --allow-empty-input`
13 verbose stack spawn ENOENT
13 verbose stack     at ChildProcess.<anonymous> (/usr/share/npm/lib/utils/spawn.js:17:16)
13 verbose stack     at emitTwo (events.js:126:13)
13 verbose stack     at ChildProcess.emit (events.js:214:7)
13 verbose stack     at maybeClose (internal/child_process.js:925:16)
13 verbose stack     at Process.ChildProcess._handle.onexit (internal/child_process.js:209:5)
14 verbose pkgid sd-03-week3-html-css-project@1.0.0
15 verbose cwd /home/fred/Trybe_T10_TB/sd-010-b-project-lessons-learned
16 error Linux 4.15.0-135-generic
17 error argv "/usr/bin/node" "/usr/bin/npm" "run" "lint:styles"
18 error node v8.10.0
19 error npm  v3.5.2
20 error file sh
21 error code ELIFECYCLE
22 error errno ENOENT
23 error syscall spawn
24 error sd-03-week3-html-css-project@1.0.0 lint:styles: `stylelint **/*.css --config .stylelintrc.json --ignore-disables --allow-empty-input`
24 error spawn ENOENT
25 error Failed at the sd-03-week3-html-css-project@1.0.0 lint:styles script 'stylelint **/*.css --config .stylelintrc.json --ignore-disables --allow-empty-input'.
25 error Make sure you have the latest version of node.js and npm installed.
25 error If you do, this is most likely a problem with the sd-03-week3-html-css-project package,
25 error not with npm itself.
25 error Tell the author that this fails on your system:
25 error     stylelint **/*.css --config .stylelintrc.json --ignore-disables --allow-empty-input
25 error You can get information on how to open an issue for this project with:
25 error     npm bugs sd-03-week3-html-css-project
25 error Or if that isn't available, you can get their info via:
25 error     npm owner ls sd-03-week3-html-css-project
25 error There is likely additional logging output above.
26 verbose exit [ 1, true ]
